This file contains any messages produced by compilers while
running configure, to aid debugging if configure makes a mistake.

It was created by configure, which was
generated by GNU Autoconf 2.65.  Invocation command line was

  $ ./configure --with-php-config=/usr/bin/php-config

## --------- ##
## Platform. ##
## --------- ##

hostname = wuchaodeMacBook-Pro.local
uname -m = x86_64
uname -r = 17.3.0
uname -s = Darwin
uname -v = Darwin Kernel Version 17.3.0: Thu Nov  9 18:09:22 PST 2017; root:xnu-4570.31.3~1/RELEASE_X86_64

/usr/bin/uname -p = i386
/bin/uname -X     = unknown

/bin/arch              = unknown
/usr/bin/arch -k       = unknown
/usr/convex/getsysinfo = unknown
/usr/bin/hostinfo      = Mach kernel version:
	 Darwin Kernel Version 17.3.0: Thu Nov  9 18:09:22 PST 2017; root:xnu-4570.31.3~1/RELEASE_X86_64
Kernel configured for up to 8 processors.
4 processors are physically available.
8 processors are logically available.
Processor type: x86_64h (Intel x86-64h Haswell)
Processors active: 0 1 2 3 4 5 6 7
Primary memory available: 16.00 gigabytes
Default processor set: 405 tasks, 2284 threads, 8 processors
Load average: 11.99, Mach factor: 0.63
/bin/machine           = unknown
/usr/bin/oslevel       = unknown
/bin/universe          = unknown

PATH: /Users/wc/.composer/vendor/bin
PATH: /usr/local/Cellar/gnu-sed/4.2.2/bin
PATH: /usr/local/bin
PATH: /usr/local/sbin/
PATH: usr/local/opt/redis/bin
PATH: /usr/local/Cellar/memcached/1.4.24/bin
PATH: /usr/local/mysql/bin
PATH: /sbin
PATH: /bin
PATH: /usr/bin
PATH: /bin
PATH: /usr/sbin
PATH: /sbin
PATH:  ~/.composer/vendor/bin 
PATH: /usr/local/mysql/bin


## ----------- ##
## Core tests. ##
## ----------- ##

configure:2268: checking for grep that handles long lines and -e
configure:2326: result: /usr/bin/grep
configure:2331: checking for egrep
configure:2393: result: /usr/bin/grep -E
configure:2398: checking for a sed that does not truncate output
configure:2452: result: /usr/local/Cellar/gnu-sed/4.2.2/bin/sed
configure:2589: checking for cc
configure:2605: found /usr/bin/cc
configure:2616: result: cc
configure:2647: checking for C compiler version
configure:2656: cc --version >&5
Apple LLVM version 9.1.0 (clang-902.0.39.1)
Target: x86_64-apple-darwin17.3.0
Thread model: posix
InstalledDir: /Applications/Xcode.app/Contents/Developer/Toolchains/XcodeDefault.xctoolchain/usr/bin
configure:2667: $? = 0
configure:2656: cc -v >&5
Apple LLVM version 9.1.0 (clang-902.0.39.1)
Target: x86_64-apple-darwin17.3.0
Thread model: posix
InstalledDir: /Applications/Xcode.app/Contents/Developer/Toolchains/XcodeDefault.xctoolchain/usr/bin
configure:2667: $? = 0
configure:2656: cc -V >&5
clang: error: argument to '-V' is missing (expected 1 value)
clang: error: no input files
configure:2667: $? = 1
configure:2656: cc -qversion >&5
clang: error: unknown argument: '-qversion'
clang: error: no input files
configure:2667: $? = 1
configure:2687: checking whether the C compiler works
configure:2709: cc    conftest.c  >&5
configure:2713: $? = 0
configure:2762: result: yes
configure:2765: checking for C compiler default output file name
configure:2767: result: a.out
configure:2773: checking for suffix of executables
configure:2780: cc -o conftest    conftest.c  >&5
configure:2784: $? = 0
configure:2806: result: 
configure:2828: checking whether we are cross compiling
configure:2836: cc -o conftest    conftest.c  >&5
configure:2840: $? = 0
configure:2847: ./conftest
configure:2851: $? = 0
configure:2866: result: no
configure:2871: checking for suffix of object files
configure:2893: cc -c   conftest.c >&5
configure:2897: $? = 0
configure:2918: result: o
configure:2922: checking whether we are using the GNU C compiler
configure:2941: cc -c   conftest.c >&5
configure:2941: $? = 0
configure:2950: result: yes
configure:2959: checking whether cc accepts -g
configure:2979: cc -c -g  conftest.c >&5
configure:2979: $? = 0
configure:3020: result: yes
configure:3037: checking for cc option to accept ISO C89
configure:3101: cc  -c -g -O2  conftest.c >&5
configure:3101: $? = 0
configure:3114: result: none needed
configure:3140: checking how to run the C preprocessor
configure:3171: cc -E  conftest.c
configure:3171: $? = 0
configure:3185: cc -E  conftest.c
conftest.c:9:10: fatal error: 'ac_nonexistent.h' file not found
#include <ac_nonexistent.h>
         ^~~~~~~~~~~~~~~~~~
1 error generated.
configure:3185: $? = 1
configure: failed program was:
| /* confdefs.h */
| #define PACKAGE_NAME ""
| #define PACKAGE_TARNAME ""
| #define PACKAGE_VERSION ""
| #define PACKAGE_STRING ""
| #define PACKAGE_BUGREPORT ""
| #define PACKAGE_URL ""
| /* end confdefs.h.  */
| #include <ac_nonexistent.h>
configure:3210: result: cc -E
configure:3230: cc -E  conftest.c
configure:3230: $? = 0
configure:3244: cc -E  conftest.c
conftest.c:9:10: fatal error: 'ac_nonexistent.h' file not found
#include <ac_nonexistent.h>
         ^~~~~~~~~~~~~~~~~~
1 error generated.
configure:3244: $? = 1
configure: failed program was:
| /* confdefs.h */
| #define PACKAGE_NAME ""
| #define PACKAGE_TARNAME ""
| #define PACKAGE_VERSION ""
| #define PACKAGE_STRING ""
| #define PACKAGE_BUGREPORT ""
| #define PACKAGE_URL ""
| /* end confdefs.h.  */
| #include <ac_nonexistent.h>
configure:3275: checking for icc
configure:3284: result: no
configure:3298: checking for suncc
configure:3307: result: no
configure:3325: checking whether cc understands -c and -o together
configure:3353: cc -c conftest.c -o conftest2.o >&5
configure:3357: $? = 0
configure:3363: cc -c conftest.c -o conftest2.o >&5
configure:3367: $? = 0
configure:3422: result: yes
configure:3436: checking for system library directory
configure:3451: result: lib
configure:3458: checking if compiler supports -R
configure:3477: cc -o conftest -g -O2   conftest.c -R /usr/lib  >&5
warning: unknown remark option '-R' [-Wunknown-warning-option]
1 warning generated.
ld: can't map file, errno=22 file '/usr/lib' for architecture x86_64
clang: error: linker command failed with exit code 1 (use -v to see invocation)
configure:3477: $? = 1
configure: failed program was:
| /* confdefs.h */
| #define PACKAGE_NAME ""
| #define PACKAGE_TARNAME ""
| #define PACKAGE_VERSION ""
| #define PACKAGE_STRING ""
| #define PACKAGE_BUGREPORT ""
| #define PACKAGE_URL ""
| /* end confdefs.h.  */
| 
| int
| main ()
| {
| 
|   ;
|   return 0;
| }
configure:3487: result: no
configure:3492: checking if compiler supports -Wl,-rpath,
configure:3511: cc -o conftest -g -O2   conftest.c -Wl,-rpath,/usr/lib  >&5
configure:3511: $? = 0
configure:3521: result: yes
configure:3560: checking build system type
configure:3574: result: x86_64-apple-darwin17.3.0
configure:3594: checking host system type
configure:3607: result: x86_64-apple-darwin17.3.0
configure:3627: checking target system type
configure:3640: result: x86_64-apple-darwin17.3.0
configure:3743: checking for PHP prefix
configure:3745: result: /usr
configure:3747: checking for PHP includes
configure:3749: result: -I/usr/include/php -I/usr/include/php/main -I/usr/include/php/TSRM -I/usr/include/php/Zend -I/usr/include/php/ext -I/usr/include/php/ext/date/lib
configure:3751: checking for PHP extension directory
configure:3753: result: /usr/lib/php/extensions/no-debug-non-zts-20160303
configure:3755: checking for PHP installed headers prefix
configure:3757: result: /usr/include/php
configure:3760: checking if debug is enabled
configure:3786: result: no
configure:3789: checking if zts is enabled
configure:3815: result: no
configure:3886: checking for re2c
configure:3916: result: no
configure:3941: WARNING: You will need re2c 0.13.4 or later if you want to regenerate PHP parsers.
configure:3955: checking for gawk
configure:3986: result: no
configure:3955: checking for nawk
configure:3986: result: no
configure:3955: checking for awk
configure:3972: found /usr/bin/awk
configure:3983: result: awk
configure:4006: checking if awk is broken
configure:4013: result: no
configure:4026: checking whether to enable yaf support
configure:4065: result: yes, shared
configure:4091: checking PHP version
configure:4117: result: 7.1.7, ok
configure:4654: checking for ld used by cc
configure:4721: result: /Applications/Xcode.app/Contents/Developer/Toolchains/XcodeDefault.xctoolchain/usr/bin/ld
configure:4728: checking if the linker (/Applications/Xcode.app/Contents/Developer/Toolchains/XcodeDefault.xctoolchain/usr/bin/ld) is GNU ld
configure:4743: result: no
configure:4748: checking for /Applications/Xcode.app/Contents/Developer/Toolchains/XcodeDefault.xctoolchain/usr/bin/ld option to reload object files
configure:4755: result: -r
configure:4773: checking for BSD-compatible nm
configure:4822: result: /usr/bin/nm -B
configure:4826: checking whether ln -s works
configure:4830: result: yes
configure:4837: checking how to recognize dependent libraries
configure:5023: result: pass_all
configure:5241: checking for ANSI C header files
configure:5261: cc -c -g -O2  conftest.c >&5
configure:5261: $? = 0
configure:5334: cc -o conftest -g -O2   conftest.c  >&5
configure:5334: $? = 0
configure:5334: ./conftest
configure:5334: $? = 0
configure:5345: result: yes
configure:5358: checking for sys/types.h
configure:5358: cc -c -g -O2  conftest.c >&5
configure:5358: $? = 0
configure:5358: result: yes
configure:5358: checking for sys/stat.h
configure:5358: cc -c -g -O2  conftest.c >&5
configure:5358: $? = 0
configure:5358: result: yes
configure:5358: checking for stdlib.h
configure:5358: cc -c -g -O2  conftest.c >&5
configure:5358: $? = 0
configure:5358: result: yes
configure:5358: checking for string.h
configure:5358: cc -c -g -O2  conftest.c >&5
configure:5358: $? = 0
configure:5358: result: yes
configure:5358: checking for memory.h
configure:5358: cc -c -g -O2  conftest.c >&5
configure:5358: $? = 0
configure:5358: result: yes
configure:5358: checking for strings.h
configure:5358: cc -c -g -O2  conftest.c >&5
configure:5358: $? = 0
configure:5358: result: yes
configure:5358: checking for inttypes.h
configure:5358: cc -c -g -O2  conftest.c >&5
configure:5358: $? = 0
configure:5358: result: yes
configure:5358: checking for stdint.h
configure:5358: cc -c -g -O2  conftest.c >&5
configure:5358: $? = 0
configure:5358: result: yes
configure:5358: checking for unistd.h
configure:5358: cc -c -g -O2  conftest.c >&5
configure:5358: $? = 0
configure:5358: result: yes
configure:5373: checking dlfcn.h usability
configure:5373: cc -c -g -O2  conftest.c >&5
configure:5373: $? = 0
configure:5373: result: yes
configure:5373: checking dlfcn.h presence
configure:5373: cc -E  conftest.c
configure:5373: $? = 0
configure:5373: result: yes
configure:5373: checking for dlfcn.h
configure:5373: result: yes
configure:5395: checking the maximum length of command line arguments
configure:5507: result: 196608
configure:5519: checking command to parse /usr/bin/nm -B output from cc object
configure:5624: cc -c -g -O2  conftest.c >&5
configure:5627: $? = 0
configure:5631: /usr/bin/nm -B conftest.o \| sed -n -e 's/^.*[ 	]\([BCDEGRST][BCDEGRST]*\)[ 	][ 	]*\([_A-Za-z][_A-Za-z0-9]*\)$/\1 \2 \2/p' \> conftest.nm
configure:5634: $? = 0
cannot find nm_test_var in conftest.nm
configure:5624: cc -c -g -O2  conftest.c >&5
configure:5627: $? = 0
configure:5631: /usr/bin/nm -B conftest.o \| sed -n -e 's/^.*[ 	]\([BCDEGRST][BCDEGRST]*\)[ 	][ 	]*_\([_A-Za-z][_A-Za-z0-9]*\)$/\1 _\2 \2/p' \> conftest.nm
configure:5634: $? = 0
configure:5686: cc -o conftest -g -O2   conftest.c conftstm.o >&5
warning: (x86_64)  could not find object file symbol for symbol _main
configure:5689: $? = 0
configure:5727: result: ok
configure:5731: checking for objdir
configure:5746: result: .libs
configure:5838: checking for ar
configure:5854: found /usr/bin/ar
configure:5865: result: ar
configure:5930: checking for ranlib
configure:5946: found /usr/bin/ranlib
configure:5957: result: ranlib
configure:6022: checking for strip
configure:6038: found /usr/bin/strip
configure:6049: result: strip
configure:6302: checking for dsymutil
configure:6318: found /usr/bin/dsymutil
configure:6329: result: dsymutil
configure:6394: checking for nmedit
configure:6410: found /usr/bin/nmedit
configure:6421: result: nmedit
configure:6444: checking for -single_module linker flag
configure:6465: result: yes
configure:6467: checking for -exported_symbols_list linker flag
configure:6483: cc -o conftest -g -O2   -Wl,-exported_symbols_list,conftest.sym conftest.c  >&5
configure:6486: $? = 0
configure:6500: result: yes
configure:6618: checking if cc supports -fno-rtti -fno-exceptions
configure:6636: cc -c -g -O2  -fno-rtti -fno-exceptions conftest.c >&5
configure:6640: $? = 0
configure:6653: result: yes
configure:6668: checking for cc option to produce PIC
configure:6908: result: -fno-common
configure:6916: checking if cc PIC flag -fno-common works
configure:6934: cc -c -g -O2  -fno-common -DPIC conftest.c >&5
configure:6938: $? = 0
configure:6951: result: yes
configure:6979: checking if cc static flag -static works
configure:7007: result: no
configure:7017: checking if cc supports -c -o file.o
configure:7038: cc -c -g -O2  -o out/conftest2.o conftest.c >&5
configure:7042: $? = 0
configure:7064: result: yes
configure:7090: checking whether the cc linker (/Applications/Xcode.app/Contents/Developer/Toolchains/XcodeDefault.xctoolchain/usr/bin/ld) supports shared libraries
configure:8018: result: yes
configure:8085: checking dynamic linker characteristics
configure:8683: result: darwin17.3.0 dyld
configure:8707: checking how to hardcode library paths into programs
configure:8732: result: immediate
configure:8746: checking whether stripping libraries is possible
configure:8760: result: yes
configure:9268: checking if libtool supports shared libraries
configure:9270: result: yes
configure:9273: checking whether to build shared libraries
configure:9294: result: yes
configure:9297: checking whether to build static libraries
configure:9301: result: no
configure:9396: result:
creating libtool
configure:13083: creating ./config.status

## ---------------------- ##
## Running config.status. ##
## ---------------------- ##

This file was extended by config.status, which was
generated by GNU Autoconf 2.65.  Invocation command line was

  CONFIG_FILES    = 
  CONFIG_HEADERS  = 
  CONFIG_LINKS    = 
  CONFIG_COMMANDS = 
  $ ./config.status 

on wuchaodeMacBook-Pro.local

config.status:681: creating config.h

## ---------------- ##
## Cache variables. ##
## ---------------- ##

ac_cv_build=x86_64-apple-darwin17.3.0
ac_cv_c_compiler_gnu=yes
ac_cv_env_CC_set=
ac_cv_env_CC_value=
ac_cv_env_CFLAGS_set=
ac_cv_env_CFLAGS_value=
ac_cv_env_CPPFLAGS_set=
ac_cv_env_CPPFLAGS_value=
ac_cv_env_CPP_set=
ac_cv_env_CPP_value=
ac_cv_env_LDFLAGS_set=
ac_cv_env_LDFLAGS_value=
ac_cv_env_LIBS_set=
ac_cv_env_LIBS_value=
ac_cv_env_build_alias_set=
ac_cv_env_build_alias_value=
ac_cv_env_host_alias_set=
ac_cv_env_host_alias_value=
ac_cv_env_target_alias_set=
ac_cv_env_target_alias_value=
ac_cv_header_dlfcn_h=yes
ac_cv_header_inttypes_h=yes
ac_cv_header_memory_h=yes
ac_cv_header_stdc=yes
ac_cv_header_stdint_h=yes
ac_cv_header_stdlib_h=yes
ac_cv_header_string_h=yes
ac_cv_header_strings_h=yes
ac_cv_header_sys_stat_h=yes
ac_cv_header_sys_types_h=yes
ac_cv_header_unistd_h=yes
ac_cv_host=x86_64-apple-darwin17.3.0
ac_cv_objext=o
ac_cv_path_EGREP='/usr/bin/grep -E'
ac_cv_path_GREP=/usr/bin/grep
ac_cv_prog_AWK=awk
ac_cv_prog_CPP='cc -E'
ac_cv_prog_ac_ct_AR=ar
ac_cv_prog_ac_ct_CC=cc
ac_cv_prog_ac_ct_DSYMUTIL=dsymutil
ac_cv_prog_ac_ct_NMEDIT=nmedit
ac_cv_prog_ac_ct_RANLIB=ranlib
ac_cv_prog_ac_ct_STRIP=strip
ac_cv_prog_cc_c89=
ac_cv_prog_cc_cc_c_o=yes
ac_cv_prog_cc_g=yes
ac_cv_target=x86_64-apple-darwin17.3.0
lt_cv_apple_cc_single_mod=yes
lt_cv_deplibs_check_method=pass_all
lt_cv_file_magic_cmd='$MAGIC_CMD'
lt_cv_file_magic_test_file=
lt_cv_ld_exported_symbols_list=yes
lt_cv_ld_reload_flag=-r
lt_cv_objdir=.libs
lt_cv_path_LD=/Applications/Xcode.app/Contents/Developer/Toolchains/XcodeDefault.xctoolchain/usr/bin/ld
lt_cv_path_NM='/usr/bin/nm -B'
lt_cv_path_SED=/usr/local/Cellar/gnu-sed/4.2.2/bin/sed
lt_cv_prog_compiler_c_o=yes
lt_cv_prog_compiler_pic_works=yes
lt_cv_prog_compiler_rtti_exceptions=yes
lt_cv_prog_compiler_static_works=no
lt_cv_prog_gnu_ld=no
lt_cv_sys_global_symbol_pipe='sed -n -e '\''s/^.*[ 	]\([BCDEGRST][BCDEGRST]*\)[ 	][ 	]*_\([_A-Za-z][_A-Za-z0-9]*\)$/\1 _\2 \2/p'\'''
lt_cv_sys_global_symbol_to_c_name_address='sed -n -e '\''s/^: \([^ ]*\) $/  {\"\1\", (lt_ptr) 0},/p'\'' -e '\''s/^[BCDEGRST] \([^ ]*\) \([^ ]*\)$/  {"\2", (lt_ptr) \&\2},/p'\'''
lt_cv_sys_global_symbol_to_cdecl='sed -n -e '\''s/^. .* \(.*\)$/extern int \1;/p'\'''
lt_cv_sys_lib_dlsearch_path_spec='/usr/local/lib /lib /usr/lib'
lt_cv_sys_lib_search_path_spec='/Applications/Xcode.app/Contents/Developer/Toolchains/XcodeDefault.xctoolchain/usr/lib/clang/9.1.0 /usr/local/lib'
lt_cv_sys_max_cmd_len=196608
lt_lt_cv_prog_compiler_c_o='"yes"'
lt_lt_cv_sys_global_symbol_pipe='"sed -n -e '\''s/^.*[ 	]\\([BCDEGRST][BCDEGRST]*\\)[ 	][ 	]*_\\([_A-Za-z][_A-Za-z0-9]*\\)\$/\\1 _\\2 \\2/p'\''"'
lt_lt_cv_sys_global_symbol_to_c_name_address='"sed -n -e '\''s/^: \\([^ ]*\\) \$/  {\\\"\\1\\\", (lt_ptr) 0},/p'\'' -e '\''s/^[BCDEGRST] \\([^ ]*\\) \\([^ ]*\\)\$/  {\"\\2\", (lt_ptr) \\&\\2},/p'\''"'
lt_lt_cv_sys_global_symbol_to_cdecl='"sed -n -e '\''s/^. .* \\(.*\\)\$/extern int \\1;/p'\''"'
php_cv_cc_dashr=no
php_cv_cc_rpath=yes

## ----------------- ##
## Output variables. ##
## ----------------- ##

AR='ar'
AWK='awk'
CC='cc'
CFLAGS='-g -O2'
CONFIGURE_COMMAND=' '\''./configure'\''  '\''--with-php-config=/usr/bin/php-config'\'''
CONFIGURE_OPTIONS=' '\''--with-php-config=/usr/bin/php-config'\'''
CPP='cc -E'
CPPFLAGS=' -DHAVE_CONFIG_H'
DEFS='-DHAVE_CONFIG_H'
DSYMUTIL='dsymutil'
ECHO='/bin/echo'
ECHO_C='\c'
ECHO_N=''
ECHO_T=''
EGREP='/usr/bin/grep -E'
EXEEXT=''
GREP='/usr/bin/grep'
LDFLAGS=''
LIBOBJS=''
LIBS=''
LIBTOOL='$(SHELL) $(top_builddir)/libtool'
LN_S='ln -s'
LTLIBOBJS=''
NMEDIT='nmedit'
OBJEXT='o'
PACKAGE_BUGREPORT=''
PACKAGE_NAME=''
PACKAGE_STRING=''
PACKAGE_TARNAME=''
PACKAGE_URL=''
PACKAGE_VERSION=''
PATH_SEPARATOR=':'
RANLIB='ranlib'
RE2C='exit 0;'
SED='/usr/local/Cellar/gnu-sed/4.2.2/bin/sed'
SHELL='/bin/sh'
SHLIB_DL_SUFFIX_NAME='so'
SHLIB_SUFFIX_NAME='dylib'
STRIP='strip'
ac_ct_CC='cc'
bindir='${exec_prefix}/bin'
build='x86_64-apple-darwin17.3.0'
build_alias=''
build_cpu='x86_64'
build_os='darwin17.3.0'
build_vendor='apple'
datadir='${datarootdir}'
datarootdir='${prefix}/share'
docdir='${datarootdir}/doc/${PACKAGE}'
dvidir='${docdir}'
exec_prefix='$(prefix)'
host='x86_64-apple-darwin17.3.0'
host_alias='x86_64-apple-darwin17.3.0'
host_cpu='x86_64'
host_os='darwin17.3.0'
host_vendor='apple'
htmldir='${docdir}'
includedir='${prefix}/include'
infodir='${datarootdir}/info'
libdir='${exec_prefix}/lib'
libexecdir='${exec_prefix}/libexec'
localedir='${datarootdir}/locale'
localstatedir='${prefix}/var'
mandir='${datarootdir}/man'
oldincludedir='/usr/include'
pdfdir='${docdir}'
prefix='/usr'
program_transform_name='s,x,x,'
psdir='${docdir}'
sbindir='${exec_prefix}/sbin'
sharedstatedir='${prefix}/com'
sysconfdir='${prefix}/etc'
target='x86_64-apple-darwin17.3.0'
target_alias=''
target_cpu='x86_64'
target_os='darwin17.3.0'
target_vendor='apple'

## ----------- ##
## confdefs.h. ##
## ----------- ##

/* confdefs.h */
#define PACKAGE_NAME ""
#define PACKAGE_TARNAME ""
#define PACKAGE_VERSION ""
#define PACKAGE_STRING ""
#define PACKAGE_BUGREPORT ""
#define PACKAGE_URL ""
#define PHP_YAF_DEBUG 0
#define COMPILE_DL_YAF 1
#define STDC_HEADERS 1
#define HAVE_SYS_TYPES_H 1
#define HAVE_SYS_STAT_H 1
#define HAVE_STDLIB_H 1
#define HAVE_STRING_H 1
#define HAVE_MEMORY_H 1
#define HAVE_STRINGS_H 1
#define HAVE_INTTYPES_H 1
#define HAVE_STDINT_H 1
#define HAVE_UNISTD_H 1
#define HAVE_DLFCN_H 1

configure: exit 0
